<?xml version="1.0" encoding="UTF-8"?>
<coverage generated="1598510322035" clover="3.2.0">
  <project timestamp="1598510322035" name="All files">
    <metrics statements="1" coveredstatements="1" conditionals="3" coveredconditionals="3" methods="1" coveredmethods="1" elements="5" coveredelements="5" complexity="0" loc="1" ncloc="1" packages="1" files="1" classes="1"/>
    <file name="app.js" path="C:\Users\sigurd\Documents\GitHub\DCST2002\ov02\testing-jest\app.js">
      <metrics statements="1" coveredstatements="1" conditionals="3" coveredconditionals="3" methods="1" coveredmethods="1"/>
      <line num="2" count="4" type="cond" truecount="3" falsecount="0"/>
    </file>
  </project>
</coverage>
