{"C:\\Users\\sigurd\\Documents\\GitHub\\DCST2002\\ov02\\testing-jest\\app.js": {"path":"C:\\Users\\sigurd\\Documents\\GitHub\\DCST2002\\ov02\\testing-jest\\app.js","statementMap":{"0":{"start":{"line":2,"column":4},"end":{"line":2,"column":72}}},"fnMap":{"0":{"name":"isLeapYear","decl":{"start":{"line":1,"column":16},"end":{"line":1,"column":26}},"loc":{"start":{"line":1,"column":33},"end":{"line":3,"column":1}},"line":1}},"branchMap":{"0":{"loc":{"start":{"line":2,"column":11},"end":{"line":2,"column":71}},"type":"binary-expr","locations":[{"start":{"line":2,"column":12},"end":{"line":2,"column":26}},{"start":{"line":2,"column":32},"end":{"line":2,"column":48}},{"start":{"line":2,"column":54},"end":{"line":2,"column":70}}],"line":2}},"s":{"0":4},"f":{"0":4},"b":{"0":[4,3,3]},"_coverageSchema":"1a1c01bbd47fc00a2c39e90264f33305004495a9","hash":"3f3f73500318ec3a2f07658e73d446f20f20cf26"}
}
