{"C:\\Users\\sigurd\\Documents\\GitHub\\DCST2002\\ov02\\testing-jest\\app.js": {"path":"C:\\Users\\sigurd\\Documents\\GitHub\\DCST2002\\ov02\\testing-jest\\app.js","statementMap":{"0":{"start":{"line":3,"column":4},"end":{"line":9,"column":5}},"1":{"start":{"line":4,"column":8},"end":{"line":4,"column":95}},"2":{"start":{"line":7,"column":9},"end":{"line":9,"column":5}},"3":{"start":{"line":8,"column":8},"end":{"line":8,"column":79}},"4":{"start":{"line":10,"column":4},"end":{"line":10,"column":72}}},"fnMap":{"0":{"name":"isLeapYear","decl":{"start":{"line":1,"column":16},"end":{"line":1,"column":26}},"loc":{"start":{"line":1,"column":33},"end":{"line":11,"column":1}},"line":1}},"branchMap":{"0":{"loc":{"start":{"line":3,"column":4},"end":{"line":9,"column":5}},"type":"if","locations":[{"start":{"line":3,"column":4},"end":{"line":9,"column":5}},{"start":{"line":3,"column":4},"end":{"line":9,"column":5}}],"line":3},"1":{"loc":{"start":{"line":7,"column":9},"end":{"line":9,"column":5}},"type":"if","locations":[{"start":{"line":7,"column":9},"end":{"line":9,"column":5}},{"start":{"line":7,"column":9},"end":{"line":9,"column":5}}],"line":7},"2":{"loc":{"start":{"line":7,"column":13},"end":{"line":7,"column":48}},"type":"binary-expr","locations":[{"start":{"line":7,"column":13},"end":{"line":7,"column":26}},{"start":{"line":7,"column":30},"end":{"line":7,"column":48}}],"line":7},"3":{"loc":{"start":{"line":10,"column":11},"end":{"line":10,"column":71}},"type":"binary-expr","locations":[{"start":{"line":10,"column":12},"end":{"line":10,"column":26}},{"start":{"line":10,"column":32},"end":{"line":10,"column":48}},{"start":{"line":10,"column":54},"end":{"line":10,"column":70}}],"line":10}},"s":{"0":10,"1":1,"2":9,"3":2,"4":7},"f":{"0":10},"b":{"0":[1,9],"1":[2,7],"2":[9,8],"3":[7,6,3]},"_coverageSchema":"1a1c01bbd47fc00a2c39e90264f33305004495a9","hash":"470b6a513f5de1b163adc9f09fba3039d60949e1"}
}
